<?xml version="1.0" encoding="UTF-8"?>
<!-- Generated by org.testng.reporters.JUnitReportReporter -->
<testsuite hostname="DESKTOP-PTELLHB" failures="0" tests="1" name="Test.TestNGTest" time="0.013" errors="0" timestamp="2023-09-14T01:21:47 IST" skipped="0">
  <testcase classname="Test.TestNGTest" name="test" time="0.013"/>
  <system-out/>
</testsuite> <!-- Test.TestNGTest -->
